<?xml version="1.0" encoding="UTF-8"?>
<coverage generated="1730334617">
  <project timestamp="1730334617">
    <package name="App\Http\Controllers">
      <file name="/home/runner/work/schoolease/schoolease/app/Http/Controllers/AttendanceController.php">
        <class name="App\Http\Controllers\AttendanceController" namespace="App\Http\Controllers">
          <metrics complexity="3" methods="3" coveredmethods="3" conditionals="0" coveredconditionals="0" statements="27" coveredstatements="27" elements="30" coveredelements="30"/>
        </class>
        <line num="15" type="method" name="index" visibility="public" complexity="1" crap="1" count="1"/>
        <line num="17" type="stmt" count="1"/>
        <line num="19" type="stmt" count="1"/>
        <line num="20" type="stmt" count="1"/>
        <line num="21" type="stmt" count="1"/>
        <line num="22" type="stmt" count="1"/>
        <line num="23" type="stmt" count="1"/>
        <line num="25" type="stmt" count="1"/>
        <line num="31" type="method" name="show" visibility="public" complexity="1" crap="1" count="1"/>
        <line num="33" type="stmt" count="1"/>
        <line num="35" type="stmt" count="1"/>
        <line num="36" type="stmt" count="1"/>
        <line num="37" type="stmt" count="1"/>
        <line num="39" type="stmt" count="1"/>
        <line num="45" type="method" name="store" visibility="public" complexity="1" crap="1" count="1"/>
        <line num="47" type="stmt" count="1"/>
        <line num="48" type="stmt" count="1"/>
        <line num="49" type="stmt" count="1"/>
        <line num="50" type="stmt" count="1"/>
        <line num="51" type="stmt" count="1"/>
        <line num="53" type="stmt" count="1"/>
        <line num="54" type="stmt" count="1"/>
        <line num="55" type="stmt" count="1"/>
        <line num="56" type="stmt" count="1"/>
        <line num="57" type="stmt" count="1"/>
        <line num="58" type="stmt" count="1"/>
        <line num="59" type="stmt" count="1"/>
        <line num="61" type="stmt" count="1"/>
        <line num="63" type="stmt" count="1"/>
        <line num="65" type="stmt" count="1"/>
        <metrics loc="68" ncloc="59" classes="1" methods="3" coveredmethods="3" conditionals="0" coveredconditionals="0" statements="27" coveredstatements="27" elements="30" coveredelements="30"/>
      </file>
      <file name="/home/runner/work/schoolease/schoolease/app/Http/Controllers/ClassroomController.php">
        <class name="App\Http\Controllers\ClassroomController" namespace="App\Http\Controllers">
          <metrics complexity="6" methods="6" coveredmethods="6" conditionals="0" coveredconditionals="0" statements="21" coveredstatements="21" elements="27" coveredelements="27"/>
        </class>
        <line num="13" type="method" name="index" visibility="public" complexity="1" crap="1" count="1"/>
        <line num="15" type="stmt" count="1"/>
        <line num="16" type="stmt" count="1"/>
        <line num="17" type="stmt" count="1"/>
        <line num="19" type="stmt" count="1"/>
        <line num="25" type="method" name="create" visibility="public" complexity="1" crap="1" count="1"/>
        <line num="27" type="stmt" count="1"/>
        <line num="33" type="method" name="store" visibility="public" complexity="1" crap="1" count="2"/>
        <line num="35" type="stmt" count="2"/>
        <line num="36" type="stmt" count="2"/>
        <line num="37" type="stmt" count="2"/>
        <line num="39" type="stmt" count="1"/>
        <line num="41" type="stmt" count="1"/>
        <line num="43" type="stmt" count="1"/>
        <line num="49" type="method" name="edit" visibility="public" complexity="1" crap="1" count="1"/>
        <line num="51" type="stmt" count="1"/>
        <line num="57" type="method" name="update" visibility="public" complexity="1" crap="1" count="2"/>
        <line num="59" type="stmt" count="2"/>
        <line num="60" type="stmt" count="2"/>
        <line num="61" type="stmt" count="2"/>
        <line num="63" type="stmt" count="1"/>
        <line num="65" type="stmt" count="1"/>
        <line num="67" type="stmt" count="1"/>
        <line num="73" type="method" name="destroy" visibility="public" complexity="1" crap="1" count="1"/>
        <line num="75" type="stmt" count="1"/>
        <line num="77" type="stmt" count="1"/>
        <line num="79" type="stmt" count="1"/>
        <metrics loc="82" ncloc="64" classes="1" methods="6" coveredmethods="6" conditionals="0" coveredconditionals="0" statements="21" coveredstatements="21" elements="27" coveredelements="27"/>
      </file>
      <file name="/home/runner/work/schoolease/schoolease/app/Http/Controllers/Controller.php">
        <class name="App\Http\Controllers\Controller" namespace="App\Http\Controllers">
          <metrics complexity="0" methods="0" coveredmethods="0" conditionals="0" coveredconditionals="0" statements="0" coveredstatements="0" elements="0" coveredelements="0"/>
        </class>
        <metrics loc="9" ncloc="8" classes="0" methods="0" coveredmethods="0" conditionals="0" coveredconditionals="0" statements="0" coveredstatements="0" elements="0" coveredelements="0"/>
      </file>
      <file name="/home/runner/work/schoolease/schoolease/app/Http/Controllers/ExamController.php">
        <class name="App\Http\Controllers\ExamController" namespace="App\Http\Controllers">
          <metrics complexity="7" methods="7" coveredmethods="7" conditionals="0" coveredconditionals="0" statements="41" coveredstatements="41" elements="48" coveredelements="48"/>
        </class>
        <line num="15" type="method" name="index" visibility="public" complexity="1" crap="1" count="1"/>
        <line num="17" type="stmt" count="1"/>
        <line num="19" type="stmt" count="1"/>
        <line num="20" type="stmt" count="1"/>
        <line num="21" type="stmt" count="1"/>
        <line num="22" type="stmt" count="1"/>
        <line num="23" type="stmt" count="1"/>
        <line num="25" type="stmt" count="1"/>
        <line num="31" type="method" name="create" visibility="public" complexity="1" crap="1" count="1"/>
        <line num="33" type="stmt" count="1"/>
        <line num="35" type="stmt" count="1"/>
        <line num="41" type="method" name="store" visibility="public" complexity="1" crap="1" count="2"/>
        <line num="43" type="stmt" count="2"/>
        <line num="44" type="stmt" count="2"/>
        <line num="45" type="stmt" count="2"/>
        <line num="46" type="stmt" count="2"/>
        <line num="48" type="stmt" count="1"/>
        <line num="49" type="stmt" count="1"/>
        <line num="50" type="stmt" count="1"/>
        <line num="51" type="stmt" count="1"/>
        <line num="53" type="stmt" count="1"/>
        <line num="55" type="stmt" count="1"/>
        <line num="61" type="method" name="edit" visibility="public" complexity="1" crap="1" count="1"/>
        <line num="63" type="stmt" count="1"/>
        <line num="65" type="stmt" count="1"/>
        <line num="71" type="method" name="update" visibility="public" complexity="1" crap="1" count="2"/>
        <line num="74" type="stmt" count="2"/>
        <line num="75" type="stmt" count="2"/>
        <line num="76" type="stmt" count="2"/>
        <line num="77" type="stmt" count="2"/>
        <line num="79" type="stmt" count="1"/>
        <line num="80" type="stmt" count="1"/>
        <line num="81" type="stmt" count="1"/>
        <line num="82" type="stmt" count="1"/>
        <line num="84" type="stmt" count="1"/>
        <line num="86" type="stmt" count="1"/>
        <line num="92" type="method" name="destroy" visibility="public" complexity="1" crap="1" count="1"/>
        <line num="94" type="stmt" count="1"/>
        <line num="96" type="stmt" count="1"/>
        <line num="98" type="stmt" count="1"/>
        <line num="104" type="method" name="getUserLessons" visibility="private" complexity="1" crap="1" count="2"/>
        <line num="106" type="stmt" count="2"/>
        <line num="108" type="stmt" count="2"/>
        <line num="109" type="stmt" count="2"/>
        <line num="110" type="stmt" count="2"/>
        <line num="111" type="stmt" count="2"/>
        <line num="112" type="stmt" count="2"/>
        <line num="113" type="stmt" count="2"/>
        <metrics loc="116" ncloc="95" classes="1" methods="7" coveredmethods="7" conditionals="0" coveredconditionals="0" statements="41" coveredstatements="41" elements="48" coveredelements="48"/>
      </file>
      <file name="/home/runner/work/schoolease/schoolease/app/Http/Controllers/GradeController.php">
        <class name="App\Http\Controllers\GradeController" namespace="App\Http\Controllers">
          <metrics complexity="2" methods="2" coveredmethods="1" conditionals="0" coveredconditionals="0" statements="21" coveredstatements="20" elements="23" coveredelements="21"/>
        </class>
        <line num="14" type="method" name="show" visibility="public" complexity="1" crap="1.00" count="1"/>
        <line num="16" type="stmt" count="1"/>
        <line num="17" type="stmt" count="1"/>
        <line num="18" type="stmt" count="0"/>
        <line num="19" type="stmt" count="1"/>
        <line num="20" type="stmt" count="1"/>
        <line num="22" type="stmt" count="1"/>
        <line num="28" type="method" name="store" visibility="public" complexity="1" crap="1" count="1"/>
        <line num="30" type="stmt" count="1"/>
        <line num="31" type="stmt" count="1"/>
        <line num="32" type="stmt" count="1"/>
        <line num="33" type="stmt" count="1"/>
        <line num="34" type="stmt" count="1"/>
        <line num="36" type="stmt" count="1"/>
        <line num="37" type="stmt" count="1"/>
        <line num="38" type="stmt" count="1"/>
        <line num="39" type="stmt" count="1"/>
        <line num="40" type="stmt" count="1"/>
        <line num="41" type="stmt" count="1"/>
        <line num="42" type="stmt" count="1"/>
        <line num="44" type="stmt" count="1"/>
        <line num="46" type="stmt" count="1"/>
        <line num="48" type="stmt" count="1"/>
        <metrics loc="51" ncloc="45" classes="1" methods="2" coveredmethods="1" conditionals="0" coveredconditionals="0" statements="21" coveredstatements="20" elements="23" coveredelements="21"/>
      </file>
      <file name="/home/runner/work/schoolease/schoolease/app/Http/Controllers/LessonController.php">
        <class name="App\Http\Controllers\LessonController" namespace="App\Http\Controllers">
          <metrics complexity="3" methods="3" coveredmethods="3" conditionals="0" coveredconditionals="0" statements="11" coveredstatements="11" elements="14" coveredelements="14"/>
        </class>
        <line num="12" type="method" name="index" visibility="public" complexity="1" crap="1" count="1"/>
        <line num="14" type="stmt" count="1"/>
        <line num="16" type="stmt" count="1"/>
        <line num="17" type="stmt" count="1"/>
        <line num="18" type="stmt" count="1"/>
        <line num="19" type="stmt" count="1"/>
        <line num="20" type="stmt" count="1"/>
        <line num="22" type="stmt" count="1"/>
        <line num="28" type="method" name="create" visibility="public" complexity="1" crap="1" count="1"/>
        <line num="30" type="stmt" count="1"/>
        <line num="36" type="method" name="destroy" visibility="public" complexity="1" crap="1" count="1"/>
        <line num="38" type="stmt" count="1"/>
        <line num="40" type="stmt" count="1"/>
        <line num="42" type="stmt" count="1"/>
        <metrics loc="45" ncloc="36" classes="1" methods="3" coveredmethods="3" conditionals="0" coveredconditionals="0" statements="11" coveredstatements="11" elements="14" coveredelements="14"/>
      </file>
      <file name="/home/runner/work/schoolease/schoolease/app/Http/Controllers/PermissionController.php">
        <class name="App\Http\Controllers\PermissionController" namespace="App\Http\Controllers">
          <metrics complexity="6" methods="6" coveredmethods="6" conditionals="0" coveredconditionals="0" statements="25" coveredstatements="25" elements="31" coveredelements="31"/>
        </class>
        <line num="14" type="method" name="index" visibility="public" complexity="1" crap="1" count="1"/>
        <line num="16" type="stmt" count="1"/>
        <line num="17" type="stmt" count="1"/>
        <line num="18" type="stmt" count="1"/>
        <line num="19" type="stmt" count="1"/>
        <line num="21" type="stmt" count="1"/>
        <line num="27" type="method" name="create" visibility="public" complexity="1" crap="1" count="1"/>
        <line num="29" type="stmt" count="1"/>
        <line num="30" type="stmt" count="1"/>
        <line num="31" type="stmt" count="1"/>
        <line num="33" type="stmt" count="1"/>
        <line num="39" type="method" name="store" visibility="public" complexity="1" crap="1" count="2"/>
        <line num="41" type="stmt" count="2"/>
        <line num="42" type="stmt" count="2"/>
        <line num="43" type="stmt" count="2"/>
        <line num="44" type="stmt" count="2"/>
        <line num="45" type="stmt" count="2"/>
        <line num="47" type="stmt" count="1"/>
        <line num="49" type="stmt" count="1"/>
        <line num="51" type="stmt" count="1"/>
        <line num="57" type="method" name="edit" visibility="public" complexity="1" crap="1" count="1"/>
        <line num="59" type="stmt" count="1"/>
        <line num="65" type="method" name="update" visibility="public" complexity="1" crap="1" count="2"/>
        <line num="67" type="stmt" count="2"/>
        <line num="68" type="stmt" count="2"/>
        <line num="69" type="stmt" count="2"/>
        <line num="71" type="stmt" count="1"/>
        <line num="73" type="stmt" count="1"/>
        <line num="79" type="method" name="destroy" visibility="public" complexity="1" crap="1" count="1"/>
        <line num="81" type="stmt" count="1"/>
        <line num="83" type="stmt" count="1"/>
        <metrics loc="86" ncloc="68" classes="1" methods="6" coveredmethods="6" conditionals="0" coveredconditionals="0" statements="25" coveredstatements="25" elements="31" coveredelements="31"/>
      </file>
      <file name="/home/runner/work/schoolease/schoolease/app/Http/Controllers/ProfileController.php">
        <class name="App\Http\Controllers\ProfileController" namespace="App\Http\Controllers">
          <metrics complexity="4" methods="3" coveredmethods="3" conditionals="0" coveredconditionals="0" statements="17" coveredstatements="17" elements="20" coveredelements="20"/>
        </class>
        <line num="17" type="method" name="edit" visibility="public" complexity="1" crap="1" count="1"/>
        <line num="19" type="stmt" count="1"/>
        <line num="20" type="stmt" count="1"/>
        <line num="21" type="stmt" count="1"/>
        <line num="27" type="method" name="update" visibility="public" complexity="2" crap="2" count="2"/>
        <line num="29" type="stmt" count="2"/>
        <line num="31" type="stmt" count="2"/>
        <line num="32" type="stmt" count="1"/>
        <line num="35" type="stmt" count="2"/>
        <line num="37" type="stmt" count="2"/>
        <line num="43" type="method" name="destroy" visibility="public" complexity="1" crap="1" count="2"/>
        <line num="45" type="stmt" count="2"/>
        <line num="46" type="stmt" count="2"/>
        <line num="47" type="stmt" count="2"/>
        <line num="49" type="stmt" count="1"/>
        <line num="51" type="stmt" count="1"/>
        <line num="53" type="stmt" count="1"/>
        <line num="55" type="stmt" count="1"/>
        <line num="56" type="stmt" count="1"/>
        <line num="58" type="stmt" count="1"/>
        <metrics loc="61" ncloc="52" classes="1" methods="3" coveredmethods="3" conditionals="0" coveredconditionals="0" statements="17" coveredstatements="17" elements="20" coveredelements="20"/>
      </file>
      <file name="/home/runner/work/schoolease/schoolease/app/Http/Controllers/RoleController.php">
        <class name="App\Http\Controllers\RoleController" namespace="App\Http\Controllers">
          <metrics complexity="6" methods="6" coveredmethods="6" conditionals="0" coveredconditionals="0" statements="18" coveredstatements="18" elements="24" coveredelements="24"/>
        </class>
        <line num="13" type="method" name="index" visibility="public" complexity="1" crap="1" count="1"/>
        <line num="15" type="stmt" count="1"/>
        <line num="16" type="stmt" count="1"/>
        <line num="17" type="stmt" count="1"/>
        <line num="19" type="stmt" count="1"/>
        <line num="25" type="method" name="create" visibility="public" complexity="1" crap="1" count="1"/>
        <line num="27" type="stmt" count="1"/>
        <line num="33" type="method" name="store" visibility="public" complexity="1" crap="1" count="2"/>
        <line num="35" type="stmt" count="2"/>
        <line num="36" type="stmt" count="2"/>
        <line num="37" type="stmt" count="2"/>
        <line num="39" type="stmt" count="1"/>
        <line num="41" type="stmt" count="1"/>
        <line num="47" type="method" name="edit" visibility="public" complexity="1" crap="1" count="1"/>
        <line num="49" type="stmt" count="1"/>
        <line num="55" type="method" name="update" visibility="public" complexity="1" crap="1" count="2"/>
        <line num="57" type="stmt" count="2"/>
        <line num="58" type="stmt" count="2"/>
        <line num="59" type="stmt" count="2"/>
        <line num="61" type="stmt" count="1"/>
        <line num="63" type="stmt" count="1"/>
        <line num="69" type="method" name="destroy" visibility="public" complexity="1" crap="1" count="1"/>
        <line num="71" type="stmt" count="1"/>
        <line num="73" type="stmt" count="1"/>
        <metrics loc="76" ncloc="58" classes="1" methods="6" coveredmethods="6" conditionals="0" coveredconditionals="0" statements="18" coveredstatements="18" elements="24" coveredelements="24"/>
      </file>
      <file name="/home/runner/work/schoolease/schoolease/app/Http/Controllers/StudentController.php">
        <class name="App\Http\Controllers\StudentController" namespace="App\Http\Controllers">
          <metrics complexity="2" methods="2" coveredmethods="2" conditionals="0" coveredconditionals="0" statements="12" coveredstatements="12" elements="14" coveredelements="14"/>
        </class>
        <line num="14" type="method" name="index" visibility="public" complexity="1" crap="1" count="1"/>
        <line num="16" type="stmt" count="1"/>
        <line num="17" type="stmt" count="1"/>
        <line num="18" type="stmt" count="1"/>
        <line num="19" type="stmt" count="1"/>
        <line num="21" type="stmt" count="1"/>
        <line num="23" type="stmt" count="1"/>
        <line num="30" type="method" name="assignClass" visibility="public" complexity="1" crap="1" count="1"/>
        <line num="32" type="stmt" count="1"/>
        <line num="33" type="stmt" count="1"/>
        <line num="34" type="stmt" count="1"/>
        <line num="36" type="stmt" count="1"/>
        <line num="38" type="stmt" count="1"/>
        <line num="40" type="stmt" count="1"/>
        <metrics loc="43" ncloc="36" classes="1" methods="2" coveredmethods="2" conditionals="0" coveredconditionals="0" statements="12" coveredstatements="12" elements="14" coveredelements="14"/>
      </file>
      <file name="/home/runner/work/schoolease/schoolease/app/Http/Controllers/StudentOverviewController.php">
        <class name="App\Http\Controllers\StudentOverviewController" namespace="App\Http\Controllers">
          <metrics complexity="6" methods="2" coveredmethods="0" conditionals="0" coveredconditionals="0" statements="32" coveredstatements="30" elements="34" coveredelements="30"/>
        </class>
        <line num="7" type="method" name="lessons" visibility="public" complexity="3" crap="3.00" count="2"/>
        <line num="9" type="stmt" count="2"/>
        <line num="11" type="stmt" count="2"/>
        <line num="13" type="stmt" count="1"/>
        <line num="15" type="stmt" count="1"/>
        <line num="18" type="stmt" count="1"/>
        <line num="20" type="stmt" count="1"/>
        <line num="21" type="stmt" count="1"/>
        <line num="22" type="stmt" count="1"/>
        <line num="23" type="stmt" count="1"/>
        <line num="24" type="stmt" count="1"/>
        <line num="25" type="stmt" count="0"/>
        <line num="26" type="stmt" count="1"/>
        <line num="27" type="stmt" count="1"/>
        <line num="28" type="stmt" count="1"/>
        <line num="29" type="stmt" count="1"/>
        <line num="31" type="stmt" count="1"/>
        <line num="34" type="method" name="exams" visibility="public" complexity="3" crap="3.00" count="2"/>
        <line num="36" type="stmt" count="2"/>
        <line num="38" type="stmt" count="2"/>
        <line num="40" type="stmt" count="1"/>
        <line num="42" type="stmt" count="1"/>
        <line num="45" type="stmt" count="1"/>
        <line num="47" type="stmt" count="1"/>
        <line num="48" type="stmt" count="1"/>
        <line num="49" type="stmt" count="1"/>
        <line num="50" type="stmt" count="0"/>
        <line num="51" type="stmt" count="1"/>
        <line num="52" type="stmt" count="1"/>
        <line num="53" type="stmt" count="1"/>
        <line num="54" type="stmt" count="1"/>
        <line num="55" type="stmt" count="1"/>
        <line num="56" type="stmt" count="1"/>
        <line num="58" type="stmt" count="1"/>
        <metrics loc="61" ncloc="61" classes="1" methods="2" coveredmethods="0" conditionals="0" coveredconditionals="0" statements="32" coveredstatements="30" elements="34" coveredelements="30"/>
      </file>
      <file name="/home/runner/work/schoolease/schoolease/app/Http/Controllers/SubjectController.php">
        <class name="App\Http\Controllers\SubjectController" namespace="App\Http\Controllers">
          <metrics complexity="6" methods="6" coveredmethods="6" conditionals="0" coveredconditionals="0" statements="21" coveredstatements="21" elements="27" coveredelements="27"/>
        </class>
        <line num="13" type="method" name="index" visibility="public" complexity="1" crap="1" count="1"/>
        <line num="15" type="stmt" count="1"/>
        <line num="16" type="stmt" count="1"/>
        <line num="17" type="stmt" count="1"/>
        <line num="19" type="stmt" count="1"/>
        <line num="25" type="method" name="create" visibility="public" complexity="1" crap="1" count="1"/>
        <line num="27" type="stmt" count="1"/>
        <line num="33" type="method" name="store" visibility="public" complexity="1" crap="1" count="2"/>
        <line num="35" type="stmt" count="2"/>
        <line num="36" type="stmt" count="2"/>
        <line num="37" type="stmt" count="2"/>
        <line num="39" type="stmt" count="1"/>
        <line num="41" type="stmt" count="1"/>
        <line num="43" type="stmt" count="1"/>
        <line num="49" type="method" name="edit" visibility="public" complexity="1" crap="1" count="1"/>
        <line num="51" type="stmt" count="1"/>
        <line num="57" type="method" name="update" visibility="public" complexity="1" crap="1" count="2"/>
        <line num="59" type="stmt" count="2"/>
        <line num="60" type="stmt" count="2"/>
        <line num="61" type="stmt" count="2"/>
        <line num="63" type="stmt" count="1"/>
        <line num="65" type="stmt" count="1"/>
        <line num="67" type="stmt" count="1"/>
        <line num="73" type="method" name="destroy" visibility="public" complexity="1" crap="1" count="1"/>
        <line num="75" type="stmt" count="1"/>
        <line num="77" type="stmt" count="1"/>
        <line num="79" type="stmt" count="1"/>
        <metrics loc="82" ncloc="64" classes="1" methods="6" coveredmethods="6" conditionals="0" coveredconditionals="0" statements="21" coveredstatements="21" elements="27" coveredelements="27"/>
      </file>
      <file name="/home/runner/work/schoolease/schoolease/app/Http/Controllers/TeacherController.php">
        <class name="App\Http\Controllers\TeacherController" namespace="App\Http\Controllers">
          <metrics complexity="3" methods="2" coveredmethods="2" conditionals="0" coveredconditionals="0" statements="12" coveredstatements="12" elements="14" coveredelements="14"/>
        </class>
        <line num="10" type="method" name="index" visibility="public" complexity="1" crap="1" count="1"/>
        <line num="12" type="stmt" count="1"/>
        <line num="13" type="stmt" count="1"/>
        <line num="14" type="stmt" count="1"/>
        <line num="15" type="stmt" count="1"/>
        <line num="17" type="stmt" count="1"/>
        <line num="19" type="stmt" count="1"/>
        <line num="22" type="method" name="toggleAssignment" visibility="public" complexity="2" crap="2" count="1"/>
        <line num="24" type="stmt" count="1"/>
        <line num="26" type="stmt" count="1"/>
        <line num="28" type="stmt" count="1"/>
        <line num="31" type="stmt" count="1"/>
        <line num="33" type="stmt" count="1"/>
        <line num="36" type="stmt" count="1"/>
        <metrics loc="39" ncloc="39" classes="1" methods="2" coveredmethods="2" conditionals="0" coveredconditionals="0" statements="12" coveredstatements="12" elements="14" coveredelements="14"/>
      </file>
      <file name="/home/runner/work/schoolease/schoolease/app/Http/Controllers/UserRoleController.php">
        <class name="App\Http\Controllers\UserRoleController" namespace="App\Http\Controllers">
          <metrics complexity="3" methods="3" coveredmethods="3" conditionals="0" coveredconditionals="0" statements="15" coveredstatements="15" elements="18" coveredelements="18"/>
        </class>
        <line num="14" type="method" name="index" visibility="public" complexity="1" crap="1" count="1"/>
        <line num="16" type="stmt" count="1"/>
        <line num="17" type="stmt" count="1"/>
        <line num="18" type="stmt" count="1"/>
        <line num="19" type="stmt" count="1"/>
        <line num="21" type="stmt" count="1"/>
        <line num="23" type="stmt" count="1"/>
        <line num="30" type="method" name="store" visibility="public" complexity="1" crap="1" count="1"/>
        <line num="32" type="stmt" count="1"/>
        <line num="33" type="stmt" count="1"/>
        <line num="34" type="stmt" count="1"/>
        <line num="36" type="stmt" count="1"/>
        <line num="38" type="stmt" count="1"/>
        <line num="40" type="stmt" count="1"/>
        <line num="47" type="method" name="update" visibility="public" complexity="1" crap="1" count="1"/>
        <line num="49" type="stmt" count="1"/>
        <line num="51" type="stmt" count="1"/>
        <line num="53" type="stmt" count="1"/>
        <metrics loc="56" ncloc="45" classes="1" methods="3" coveredmethods="3" conditionals="0" coveredconditionals="0" statements="15" coveredstatements="15" elements="18" coveredelements="18"/>
      </file>
    </package>
    <package name="App\Http\Controllers\Auth">
      <file name="/home/runner/work/schoolease/schoolease/app/Http/Controllers/Auth/AuthenticatedSessionController.php">
        <class name="App\Http\Controllers\Auth\AuthenticatedSessionController" namespace="App\Http\Controllers\Auth">
          <metrics complexity="3" methods="3" coveredmethods="3" conditionals="0" coveredconditionals="0" statements="8" coveredstatements="8" elements="11" coveredelements="11"/>
        </class>
        <line num="17" type="method" name="create" visibility="public" complexity="1" crap="1" count="1"/>
        <line num="19" type="stmt" count="1"/>
        <line num="25" type="method" name="store" visibility="public" complexity="1" crap="1" count="2"/>
        <line num="27" type="stmt" count="2"/>
        <line num="29" type="stmt" count="1"/>
        <line num="31" type="stmt" count="1"/>
        <line num="37" type="method" name="destroy" visibility="public" complexity="1" crap="1" count="1"/>
        <line num="39" type="stmt" count="1"/>
        <line num="41" type="stmt" count="1"/>
        <line num="43" type="stmt" count="1"/>
        <line num="45" type="stmt" count="1"/>
        <metrics loc="48" ncloc="39" classes="1" methods="3" coveredmethods="3" conditionals="0" coveredconditionals="0" statements="8" coveredstatements="8" elements="11" coveredelements="11"/>
      </file>
      <file name="/home/runner/work/schoolease/schoolease/app/Http/Controllers/Auth/ConfirmablePasswordController.php">
        <class name="App\Http\Controllers\Auth\ConfirmablePasswordController" namespace="App\Http\Controllers\Auth">
          <metrics complexity="3" methods="2" coveredmethods="2" conditionals="0" coveredconditionals="0" statements="10" coveredstatements="10" elements="12" coveredelements="12"/>
        </class>
        <line num="17" type="method" name="show" visibility="public" complexity="1" crap="1" count="1"/>
        <line num="19" type="stmt" count="1"/>
        <line num="25" type="method" name="store" visibility="public" complexity="2" crap="2" count="2"/>
        <line num="27" type="stmt" count="2"/>
        <line num="28" type="stmt" count="2"/>
        <line num="29" type="stmt" count="2"/>
        <line num="30" type="stmt" count="2"/>
        <line num="31" type="stmt" count="1"/>
        <line num="32" type="stmt" count="1"/>
        <line num="33" type="stmt" count="1"/>
        <line num="36" type="stmt" count="1"/>
        <line num="38" type="stmt" count="1"/>
        <metrics loc="41" ncloc="35" classes="1" methods="2" coveredmethods="2" conditionals="0" coveredconditionals="0" statements="10" coveredstatements="10" elements="12" coveredelements="12"/>
      </file>
      <file name="/home/runner/work/schoolease/schoolease/app/Http/Controllers/Auth/EmailVerificationNotificationController.php">
        <class name="App\Http\Controllers\Auth\EmailVerificationNotificationController" namespace="App\Http\Controllers\Auth">
          <metrics complexity="2" methods="1" coveredmethods="0" conditionals="0" coveredconditionals="0" statements="4" coveredstatements="0" elements="5" coveredelements="0"/>
        </class>
        <line num="14" type="method" name="store" visibility="public" complexity="2" crap="6" count="0"/>
        <line num="16" type="stmt" count="0"/>
        <line num="17" type="stmt" count="0"/>
        <line num="20" type="stmt" count="0"/>
        <line num="22" type="stmt" count="0"/>
        <metrics loc="25" ncloc="22" classes="1" methods="1" coveredmethods="0" conditionals="0" coveredconditionals="0" statements="4" coveredstatements="0" elements="5" coveredelements="0"/>
      </file>
      <file name="/home/runner/work/schoolease/schoolease/app/Http/Controllers/Auth/EmailVerificationPromptController.php">
        <class name="App\Http\Controllers\Auth\EmailVerificationPromptController" namespace="App\Http\Controllers\Auth">
          <metrics complexity="2" methods="1" coveredmethods="0" conditionals="0" coveredconditionals="0" statements="3" coveredstatements="2" elements="4" coveredelements="2"/>
        </class>
        <line num="15" type="method" name="__invoke" visibility="public" complexity="2" crap="2.15" count="1"/>
        <line num="17" type="stmt" count="1"/>
        <line num="18" type="stmt" count="0"/>
        <line num="19" type="stmt" count="1"/>
        <metrics loc="22" ncloc="19" classes="1" methods="1" coveredmethods="0" conditionals="0" coveredconditionals="0" statements="3" coveredstatements="2" elements="4" coveredelements="2"/>
      </file>
      <file name="/home/runner/work/schoolease/schoolease/app/Http/Controllers/Auth/NewPasswordController.php">
        <class name="App\Http\Controllers\Auth\NewPasswordController" namespace="App\Http\Controllers\Auth">
          <metrics complexity="3" methods="2" coveredmethods="2" conditionals="0" coveredconditionals="0" statements="20" coveredstatements="20" elements="22" coveredelements="22"/>
        </class>
        <line num="20" type="method" name="create" visibility="public" complexity="1" crap="1" count="1"/>
        <line num="22" type="stmt" count="1"/>
        <line num="30" type="method" name="store" visibility="public" complexity="2" crap="2" count="1"/>
        <line num="32" type="stmt" count="1"/>
        <line num="33" type="stmt" count="1"/>
        <line num="34" type="stmt" count="1"/>
        <line num="35" type="stmt" count="1"/>
        <line num="36" type="stmt" count="1"/>
        <line num="41" type="stmt" count="1"/>
        <line num="42" type="stmt" count="1"/>
        <line num="43" type="stmt" count="1"/>
        <line num="44" type="stmt" count="1"/>
        <line num="45" type="stmt" count="1"/>
        <line num="46" type="stmt" count="1"/>
        <line num="47" type="stmt" count="1"/>
        <line num="49" type="stmt" count="1"/>
        <line num="50" type="stmt" count="1"/>
        <line num="51" type="stmt" count="1"/>
        <line num="56" type="stmt" count="1"/>
        <line num="57" type="stmt" count="1"/>
        <line num="58" type="stmt" count="1"/>
        <line num="59" type="stmt" count="1"/>
        <metrics loc="62" ncloc="48" classes="1" methods="2" coveredmethods="2" conditionals="0" coveredconditionals="0" statements="20" coveredstatements="20" elements="22" coveredelements="22"/>
      </file>
      <file name="/home/runner/work/schoolease/schoolease/app/Http/Controllers/Auth/PasswordController.php">
        <class name="App\Http\Controllers\Auth\PasswordController" namespace="App\Http\Controllers\Auth">
          <metrics complexity="1" methods="1" coveredmethods="1" conditionals="0" coveredconditionals="0" statements="8" coveredstatements="8" elements="9" coveredelements="9"/>
        </class>
        <line num="16" type="method" name="update" visibility="public" complexity="1" crap="1" count="2"/>
        <line num="18" type="stmt" count="2"/>
        <line num="19" type="stmt" count="2"/>
        <line num="20" type="stmt" count="2"/>
        <line num="21" type="stmt" count="2"/>
        <line num="23" type="stmt" count="1"/>
        <line num="24" type="stmt" count="1"/>
        <line num="25" type="stmt" count="1"/>
        <line num="27" type="stmt" count="1"/>
        <metrics loc="30" ncloc="27" classes="1" methods="1" coveredmethods="1" conditionals="0" coveredconditionals="0" statements="8" coveredstatements="8" elements="9" coveredelements="9"/>
      </file>
      <file name="/home/runner/work/schoolease/schoolease/app/Http/Controllers/Auth/PasswordResetLinkController.php">
        <class name="App\Http\Controllers\Auth\PasswordResetLinkController" namespace="App\Http\Controllers\Auth">
          <metrics complexity="3" methods="2" coveredmethods="2" conditionals="0" coveredconditionals="0" statements="11" coveredstatements="11" elements="13" coveredelements="13"/>
        </class>
        <line num="16" type="method" name="create" visibility="public" complexity="1" crap="1" count="1"/>
        <line num="18" type="stmt" count="1"/>
        <line num="26" type="method" name="store" visibility="public" complexity="2" crap="2" count="3"/>
        <line num="28" type="stmt" count="3"/>
        <line num="29" type="stmt" count="3"/>
        <line num="30" type="stmt" count="3"/>
        <line num="35" type="stmt" count="3"/>
        <line num="36" type="stmt" count="3"/>
        <line num="37" type="stmt" count="3"/>
        <line num="39" type="stmt" count="3"/>
        <line num="40" type="stmt" count="3"/>
        <line num="41" type="stmt" count="3"/>
        <line num="42" type="stmt" count="3"/>
        <metrics loc="45" ncloc="34" classes="1" methods="2" coveredmethods="2" conditionals="0" coveredconditionals="0" statements="11" coveredstatements="11" elements="13" coveredelements="13"/>
      </file>
      <file name="/home/runner/work/schoolease/schoolease/app/Http/Controllers/Auth/RegisteredUserController.php">
        <class name="App\Http\Controllers\Auth\RegisteredUserController" namespace="App\Http\Controllers\Auth">
          <metrics complexity="2" methods="2" coveredmethods="2" conditionals="0" coveredconditionals="0" statements="14" coveredstatements="14" elements="16" coveredelements="16"/>
        </class>
        <line num="20" type="method" name="create" visibility="public" complexity="1" crap="1" count="1"/>
        <line num="22" type="stmt" count="1"/>
        <line num="30" type="method" name="store" visibility="public" complexity="1" crap="1" count="1"/>
        <line num="32" type="stmt" count="1"/>
        <line num="33" type="stmt" count="1"/>
        <line num="34" type="stmt" count="1"/>
        <line num="35" type="stmt" count="1"/>
        <line num="36" type="stmt" count="1"/>
        <line num="38" type="stmt" count="1"/>
        <line num="39" type="stmt" count="1"/>
        <line num="40" type="stmt" count="1"/>
        <line num="41" type="stmt" count="1"/>
        <line num="42" type="stmt" count="1"/>
        <line num="44" type="stmt" count="1"/>
        <line num="46" type="stmt" count="1"/>
        <line num="48" type="stmt" count="1"/>
        <metrics loc="51" ncloc="43" classes="1" methods="2" coveredmethods="2" conditionals="0" coveredconditionals="0" statements="14" coveredstatements="14" elements="16" coveredelements="16"/>
      </file>
      <file name="/home/runner/work/schoolease/schoolease/app/Http/Controllers/Auth/VerifyEmailController.php">
        <class name="App\Http\Controllers\Auth\VerifyEmailController" namespace="App\Http\Controllers\Auth">
          <metrics complexity="3" methods="1" coveredmethods="0" conditionals="0" coveredconditionals="0" statements="5" coveredstatements="4" elements="6" coveredelements="4"/>
        </class>
        <line num="15" type="method" name="__invoke" visibility="public" complexity="3" crap="3.07" count="1"/>
        <line num="17" type="stmt" count="1"/>
        <line num="18" type="stmt" count="0"/>
        <line num="21" type="stmt" count="1"/>
        <line num="22" type="stmt" count="1"/>
        <line num="25" type="stmt" count="1"/>
        <metrics loc="28" ncloc="25" classes="1" methods="1" coveredmethods="0" conditionals="0" coveredconditionals="0" statements="5" coveredstatements="4" elements="6" coveredelements="4"/>
      </file>
    </package>
    <package name="App\Http\Requests\Auth">
      <file name="/home/runner/work/schoolease/schoolease/app/Http/Requests/Auth/LoginRequest.php">
        <class name="App\Http\Requests\Auth\LoginRequest" namespace="App\Http\Requests\Auth">
          <metrics complexity="7" methods="5" coveredmethods="4" conditionals="0" coveredconditionals="0" statements="23" coveredstatements="15" elements="28" coveredelements="19"/>
        </class>
        <line num="17" type="method" name="authorize" visibility="public" complexity="1" crap="1" count="2"/>
        <line num="19" type="stmt" count="2"/>
        <line num="27" type="method" name="rules" visibility="public" complexity="1" crap="1" count="2"/>
        <line num="29" type="stmt" count="2"/>
        <line num="30" type="stmt" count="2"/>
        <line num="31" type="stmt" count="2"/>
        <line num="32" type="stmt" count="2"/>
        <line num="40" type="method" name="authenticate" visibility="public" complexity="2" crap="2" count="2"/>
        <line num="42" type="stmt" count="2"/>
        <line num="44" type="stmt" count="2"/>
        <line num="45" type="stmt" count="1"/>
        <line num="47" type="stmt" count="1"/>
        <line num="48" type="stmt" count="1"/>
        <line num="49" type="stmt" count="1"/>
        <line num="52" type="stmt" count="1"/>
        <line num="60" type="method" name="ensureIsNotRateLimited" visibility="public" complexity="2" crap="4.05" count="2"/>
        <line num="62" type="stmt" count="2"/>
        <line num="63" type="stmt" count="2"/>
        <line num="66" type="stmt" count="0"/>
        <line num="68" type="stmt" count="0"/>
        <line num="70" type="stmt" count="0"/>
        <line num="71" type="stmt" count="0"/>
        <line num="72" type="stmt" count="0"/>
        <line num="73" type="stmt" count="0"/>
        <line num="74" type="stmt" count="0"/>
        <line num="75" type="stmt" count="0"/>
        <line num="81" type="method" name="throttleKey" visibility="public" complexity="1" crap="1" count="2"/>
        <line num="83" type="stmt" count="2"/>
        <metrics loc="86" ncloc="65" classes="1" methods="5" coveredmethods="4" conditionals="0" coveredconditionals="0" statements="23" coveredstatements="15" elements="28" coveredelements="19"/>
      </file>
    </package>
    <package name="App\Http\Requests">
      <file name="/home/runner/work/schoolease/schoolease/app/Http/Requests/ProfileUpdateRequest.php">
        <class name="App\Http\Requests\ProfileUpdateRequest" namespace="App\Http\Requests">
          <metrics complexity="1" methods="1" coveredmethods="1" conditionals="0" coveredconditionals="0" statements="4" coveredstatements="4" elements="5" coveredelements="5"/>
        </class>
        <line num="16" type="method" name="rules" visibility="public" complexity="1" crap="1" count="2"/>
        <line num="18" type="stmt" count="2"/>
        <line num="19" type="stmt" count="2"/>
        <line num="20" type="stmt" count="2"/>
        <line num="21" type="stmt" count="2"/>
        <metrics loc="24" ncloc="19" classes="1" methods="1" coveredmethods="1" conditionals="0" coveredconditionals="0" statements="4" coveredstatements="4" elements="5" coveredelements="5"/>
      </file>
    </package>
    <package name="App\Livewire">
      <file name="/home/runner/work/schoolease/schoolease/app/Livewire/LessonsCalendar.php">
        <class name="App\Livewire\LessonsCalendar" namespace="App\Livewire">
          <metrics complexity="10" methods="4" coveredmethods="4" conditionals="0" coveredconditionals="0" statements="41" coveredstatements="41" elements="45" coveredelements="45"/>
        </class>
        <line num="28" type="method" name="mount" visibility="public" complexity="1" crap="1" count="3"/>
        <line num="30" type="stmt" count="3"/>
        <line num="32" type="stmt" count="3"/>
        <line num="35" type="method" name="render" visibility="public" complexity="3" crap="3" count="3"/>
        <line num="38" type="stmt" count="3"/>
        <line num="39" type="stmt" count="2"/>
        <line num="40" type="stmt" count="2"/>
        <line num="41" type="stmt" count="2"/>
        <line num="42" type="stmt" count="2"/>
        <line num="43" type="stmt" count="2"/>
        <line num="46" type="stmt" count="3"/>
        <line num="47" type="stmt" count="3"/>
        <line num="48" type="stmt" count="3"/>
        <line num="49" type="stmt" count="3"/>
        <line num="50" type="stmt" count="3"/>
        <line num="53" type="method" name="createLesson" visibility="public" complexity="2" crap="2" count="2"/>
        <line num="55" type="stmt" count="2"/>
        <line num="56" type="stmt" count="2"/>
        <line num="57" type="stmt" count="2"/>
        <line num="58" type="stmt" count="2"/>
        <line num="59" type="stmt" count="2"/>
        <line num="60" type="stmt" count="2"/>
        <line num="61" type="stmt" count="2"/>
        <line num="63" type="stmt" count="2"/>
        <line num="65" type="stmt" count="2"/>
        <line num="66" type="stmt" count="1"/>
        <line num="68" type="stmt" count="1"/>
        <line num="71" type="stmt" count="1"/>
        <line num="72" type="stmt" count="1"/>
        <line num="73" type="stmt" count="1"/>
        <line num="74" type="stmt" count="1"/>
        <line num="75" type="stmt" count="1"/>
        <line num="76" type="stmt" count="1"/>
        <line num="78" type="stmt" count="1"/>
        <line num="80" type="stmt" count="1"/>
        <line num="82" type="stmt" count="1"/>
        <line num="85" type="method" name="isLessonOverlapping" visibility="private" complexity="4" crap="4" count="2"/>
        <line num="87" type="stmt" count="2"/>
        <line num="89" type="stmt" count="2"/>
        <line num="91" type="stmt" count="1"/>
        <line num="93" type="stmt" count="1"/>
        <line num="96" type="stmt" count="1"/>
        <line num="97" type="stmt" count="1"/>
        <line num="99" type="stmt" count="1"/>
        <line num="103" type="stmt" count="1"/>
        <metrics loc="106" ncloc="106" classes="1" methods="4" coveredmethods="4" conditionals="0" coveredconditionals="0" statements="41" coveredstatements="41" elements="45" coveredelements="45"/>
      </file>
    </package>
    <package name="App\Models">
      <file name="/home/runner/work/schoolease/schoolease/app/Models/Attendance.php">
        <class name="App\Models\Attendance" namespace="App\Models">
          <metrics complexity="2" methods="2" coveredmethods="0" conditionals="0" coveredconditionals="0" statements="2" coveredstatements="0" elements="4" coveredelements="0"/>
        </class>
        <line num="14" type="method" name="user" visibility="public" complexity="1" crap="2" count="0"/>
        <line num="16" type="stmt" count="0"/>
        <line num="19" type="method" name="lesson" visibility="public" complexity="1" crap="2" count="0"/>
        <line num="21" type="stmt" count="0"/>
        <metrics loc="24" ncloc="24" classes="1" methods="2" coveredmethods="0" conditionals="0" coveredconditionals="0" statements="2" coveredstatements="0" elements="4" coveredelements="0"/>
      </file>
      <file name="/home/runner/work/schoolease/schoolease/app/Models/Classroom.php">
        <class name="App\Models\Classroom" namespace="App\Models">
          <metrics complexity="2" methods="2" coveredmethods="2" conditionals="0" coveredconditionals="0" statements="2" coveredstatements="2" elements="4" coveredelements="4"/>
        </class>
        <line num="14" type="method" name="users" visibility="public" complexity="1" crap="1" count="1"/>
        <line num="16" type="stmt" count="1"/>
        <line num="19" type="method" name="lessons" visibility="public" complexity="1" crap="1" count="2"/>
        <line num="21" type="stmt" count="2"/>
        <metrics loc="24" ncloc="24" classes="1" methods="2" coveredmethods="2" conditionals="0" coveredconditionals="0" statements="2" coveredstatements="2" elements="4" coveredelements="4"/>
      </file>
      <file name="/home/runner/work/schoolease/schoolease/app/Models/Exam.php">
        <class name="App\Models\Exam" namespace="App\Models">
          <metrics complexity="2" methods="2" coveredmethods="1" conditionals="0" coveredconditionals="0" statements="2" coveredstatements="1" elements="4" coveredelements="2"/>
        </class>
        <line num="14" type="method" name="lesson" visibility="public" complexity="1" crap="1" count="2"/>
        <line num="16" type="stmt" count="2"/>
        <line num="19" type="method" name="grades" visibility="public" complexity="1" crap="2" count="0"/>
        <line num="21" type="stmt" count="0"/>
        <metrics loc="24" ncloc="24" classes="1" methods="2" coveredmethods="1" conditionals="0" coveredconditionals="0" statements="2" coveredstatements="1" elements="4" coveredelements="2"/>
      </file>
      <file name="/home/runner/work/schoolease/schoolease/app/Models/Grade.php">
        <class name="App\Models\Grade" namespace="App\Models">
          <metrics complexity="2" methods="2" coveredmethods="0" conditionals="0" coveredconditionals="0" statements="2" coveredstatements="0" elements="4" coveredelements="0"/>
        </class>
        <line num="14" type="method" name="user" visibility="public" complexity="1" crap="2" count="0"/>
        <line num="16" type="stmt" count="0"/>
        <line num="19" type="method" name="exam" visibility="public" complexity="1" crap="2" count="0"/>
        <line num="21" type="stmt" count="0"/>
        <metrics loc="24" ncloc="24" classes="1" methods="2" coveredmethods="0" conditionals="0" coveredconditionals="0" statements="2" coveredstatements="0" elements="4" coveredelements="0"/>
      </file>
      <file name="/home/runner/work/schoolease/schoolease/app/Models/Lesson.php">
        <class name="App\Models\Lesson" namespace="App\Models">
          <metrics complexity="6" methods="6" coveredmethods="2" conditionals="0" coveredconditionals="0" statements="6" coveredstatements="2" elements="12" coveredelements="4"/>
        </class>
        <line num="14" type="method" name="classrooms" visibility="public" complexity="1" crap="1" count="14"/>
        <line num="16" type="stmt" count="14"/>
        <line num="19" type="method" name="subject" visibility="public" complexity="1" crap="1" count="1"/>
        <line num="21" type="stmt" count="1"/>
        <line num="24" type="method" name="teacher" visibility="public" complexity="1" crap="2" count="0"/>
        <line num="26" type="stmt" count="0"/>
        <line num="29" type="method" name="exams" visibility="public" complexity="1" crap="2" count="0"/>
        <line num="31" type="stmt" count="0"/>
        <line num="34" type="method" name="users" visibility="public" complexity="1" crap="2" count="0"/>
        <line num="36" type="stmt" count="0"/>
        <line num="39" type="method" name="attendances" visibility="public" complexity="1" crap="2" count="0"/>
        <line num="41" type="stmt" count="0"/>
        <metrics loc="44" ncloc="44" classes="1" methods="6" coveredmethods="2" conditionals="0" coveredconditionals="0" statements="6" coveredstatements="2" elements="12" coveredelements="4"/>
      </file>
      <file name="/home/runner/work/schoolease/schoolease/app/Models/Subject.php">
        <class name="App\Models\Subject" namespace="App\Models">
          <metrics complexity="2" methods="2" coveredmethods="0" conditionals="0" coveredconditionals="0" statements="2" coveredstatements="0" elements="4" coveredelements="0"/>
        </class>
        <line num="14" type="method" name="teachers" visibility="public" complexity="1" crap="2" count="0"/>
        <line num="16" type="stmt" count="0"/>
        <line num="19" type="method" name="lessons" visibility="public" complexity="1" crap="2" count="0"/>
        <line num="21" type="stmt" count="0"/>
        <metrics loc="24" ncloc="24" classes="1" methods="2" coveredmethods="0" conditionals="0" coveredconditionals="0" statements="2" coveredstatements="0" elements="4" coveredelements="0"/>
      </file>
      <file name="/home/runner/work/schoolease/schoolease/app/Models/User.php">
        <class name="App\Models\User" namespace="App\Models">
          <metrics complexity="6" methods="6" coveredmethods="3" conditionals="0" coveredconditionals="0" statements="9" coveredstatements="6" elements="15" coveredelements="9"/>
        </class>
        <line num="42" type="method" name="casts" visibility="protected" complexity="1" crap="1" count="81"/>
        <line num="44" type="stmt" count="81"/>
        <line num="45" type="stmt" count="81"/>
        <line num="46" type="stmt" count="81"/>
        <line num="47" type="stmt" count="81"/>
        <line num="50" type="method" name="classroom" visibility="public" complexity="1" crap="1" count="6"/>
        <line num="52" type="stmt" count="6"/>
        <line num="55" type="method" name="subjects" visibility="public" complexity="1" crap="1" count="5"/>
        <line num="57" type="stmt" count="5"/>
        <line num="60" type="method" name="lessons" visibility="public" complexity="1" crap="2" count="0"/>
        <line num="62" type="stmt" count="0"/>
        <line num="65" type="method" name="attendances" visibility="public" complexity="1" crap="2" count="0"/>
        <line num="67" type="stmt" count="0"/>
        <line num="70" type="method" name="grades" visibility="public" complexity="1" crap="2" count="0"/>
        <line num="72" type="stmt" count="0"/>
        <metrics loc="75" ncloc="59" classes="1" methods="6" coveredmethods="3" conditionals="0" coveredconditionals="0" statements="9" coveredstatements="6" elements="15" coveredelements="9"/>
      </file>
    </package>
    <package name="App\Providers">
      <file name="/home/runner/work/schoolease/schoolease/app/Providers/AppServiceProvider.php">
        <class name="App\Providers\AppServiceProvider" namespace="App\Providers">
          <metrics complexity="3" methods="2" coveredmethods="2" conditionals="0" coveredconditionals="0" statements="5" coveredstatements="5" elements="7" coveredelements="7"/>
        </class>
        <line num="13" type="method" name="register" visibility="public" complexity="1" crap="1" count="85"/>
        <line num="16" type="stmt" count="85"/>
        <line num="21" type="method" name="boot" visibility="public" complexity="2" crap="2" count="85"/>
        <line num="23" type="stmt" count="85"/>
        <line num="24" type="stmt" count="26"/>
        <line num="25" type="stmt" count="15"/>
        <line num="27" type="stmt" count="85"/>
        <metrics loc="30" ncloc="23" classes="1" methods="2" coveredmethods="2" conditionals="0" coveredconditionals="0" statements="5" coveredstatements="5" elements="7" coveredelements="7"/>
      </file>
    </package>
    <package name="App\View\Components">
      <file name="/home/runner/work/schoolease/schoolease/app/View/Components/AppLayout.php">
        <class name="App\View\Components\AppLayout" namespace="App\View\Components">
          <metrics complexity="1" methods="1" coveredmethods="0" conditionals="0" coveredconditionals="0" statements="1" coveredstatements="0" elements="2" coveredelements="0"/>
        </class>
        <line num="13" type="method" name="render" visibility="public" complexity="1" crap="2" count="0"/>
        <line num="15" type="stmt" count="0"/>
        <metrics loc="18" ncloc="15" classes="1" methods="1" coveredmethods="0" conditionals="0" coveredconditionals="0" statements="1" coveredstatements="0" elements="2" coveredelements="0"/>
      </file>
      <file name="/home/runner/work/schoolease/schoolease/app/View/Components/GuestLayout.php">
        <class name="App\View\Components\GuestLayout" namespace="App\View\Components">
          <metrics complexity="1" methods="1" coveredmethods="1" conditionals="0" coveredconditionals="0" statements="1" coveredstatements="1" elements="2" coveredelements="2"/>
        </class>
        <line num="13" type="method" name="render" visibility="public" complexity="1" crap="1" count="6"/>
        <line num="15" type="stmt" count="6"/>
        <metrics loc="18" ncloc="15" classes="1" methods="1" coveredmethods="1" conditionals="0" coveredconditionals="0" statements="1" coveredstatements="1" elements="2" coveredelements="2"/>
      </file>
    </package>
    <metrics files="36" loc="1748" ncloc="1488" classes="35" methods="102" coveredmethods="80" conditionals="0" coveredconditionals="0" statements="456" coveredstatements="424" elements="558" coveredelements="504"/>
  </project>
</coverage>
